#
# There is insufficient memory for the Java Runtime Environment to continue.
# Native memory allocation (malloc) failed to allocate 1594416 bytes for Chunk::new
# Possible reasons:
#   The system is out of physical RAM or swap space
#   In 32 bit mode, the process size limit was hit
# Possible solutions:
#   Reduce memory load on the system
#   Increase physical memory or swap space
#   Check if swap backing store is full
#   Use 64 bit Java on a 64 bit OS
#   Decrease Java heap size (-Xmx/-Xms)
#   Decrease number of Java threads
#   Decrease Java thread stack sizes (-Xss)
#   Set larger code cache with -XX:ReservedCodeCacheSize=
# This output file may be truncated or incomplete.
#
#  Out of Memory Error (allocation.cpp:390), pid=1616, tid=0x00000000000003c0
#
# JRE version: Java(TM) SE Runtime Environment (8.0_131-b11) (build 1.8.0_131-b11)
# Java VM: Java HotSpot(TM) 64-Bit Server VM (25.131-b11 mixed mode windows-amd64 compressed oops)
# Failed to write core dump. Minidumps are not enabled by default on client versions of Windows
#

---------------  T H R E A D  ---------------

Current thread (0x0000000015f42000):  JavaThread "C2 CompilerThread0" daemon [_thread_in_native, id=960, stack(0x0000000017590000,0x0000000017690000)]

Stack: [0x0000000017590000,0x0000000017690000]
[error occurred during error reporting (printing stack bounds), id 0xc0000005]

Native frames: (J=compiled Java code, j=interpreted, Vv=VM code, C=native code)


Current CompileTask:
C2:  20618 3095       4       com.android.dx.dex.code.DalvCode::finishProcessingIfNecessary (69 bytes)


---------------  P R O C E S S  ---------------

Java Threads: ( => current thread )
  0x00000000178c0800 JavaThread "Service Thread" daemon [_thread_blocked, id=11236, stack(0x0000000017c90000,0x0000000017d90000)]
  0x0000000015f4a800 JavaThread "C1 CompilerThread2" daemon [_thread_blocked, id=1272, stack(0x0000000017790000,0x0000000017890000)]
  0x0000000015f44800 JavaThread "C2 CompilerThread1" daemon [_thread_in_native, id=11736, stack(0x0000000017690000,0x0000000017790000)]
=>0x0000000015f42000 JavaThread "C2 CompilerThread0" daemon [_thread_in_native, id=960, stack(0x0000000017590000,0x0000000017690000)]
  0x0000000015f41000 JavaThread "Attach Listener" daemon [_thread_blocked, id=11260, stack(0x0000000017490000,0x0000000017590000)]
  0x0000000015f3e000 JavaThread "Signal Dispatcher" daemon [_thread_blocked, id=9692, stack(0x0000000017390000,0x0000000017490000)]
  0x0000000015f2a800 JavaThread "Finalizer" daemon [_thread_blocked, id=11088, stack(0x00000000171a0000,0x00000000172a0000)]
  0x0000000015f09000 JavaThread "Reference Handler" daemon [_thread_blocked, id=5444, stack(0x00000000170a0000,0x00000000171a0000)]
  0x00000000026be800 JavaThread "main" [_thread_in_Java, id=10172, stack(0x0000000002340000,0x0000000002440000)]

Other Threads:
  0x0000000015f08000 VMThread [stack: 0x0000000016fa0000,0x00000000170a0000] [id=12432]
  0x00000000178c4000 WatcherThread [stack: 0x0000000017d90000,0x0000000017e90000] [id=13048]

VM state:not at safepoint (normal execution)

VM Mutex/Monitor currently owned by a thread: None

Heap:
 PSYoungGen      total 304128K, used 5403K [0x00000000e0980000, 0x00000000f7d00000, 0x0000000100000000)
  eden space 256512K, 2% used [0x00000000e0980000,0x00000000e0ec6e28,0x00000000f0400000)
  from space 47616K, 0% used [0x00000000f4e80000,0x00000000f4e80000,0x00000000f7d00000)
  to   space 46080K, 0% used [0x00000000f2180000,0x00000000f2180000,0x00000000f4e80000)
 ParOldGen       total 125440K, used 102227K [0x00000000a1c00000, 0x00000000a9680000, 0x00000000e0980000)
  object space 125440K, 81% used [0x00000000a1c00000,0x00000000a7fd4dd8,0x00000000a9680000)
 Metaspace       used 7268K, capacity 7832K, committed 7936K, reserved 1056768K
  class space    used 667K, capacity 720K, committed 768K, reserved 1048576K

Card table byte_map: [0x0000000011a80000,0x0000000011d80000] byte_map_base: 0x0000000011572000

Marking Bits: (ParMarkBitMap*) 0x000000005634c720
 Begin Bits: [0x0000000012380000, 0x0000000013b10000)
 End Bits:   [0x0000000013b10000, 0x00000000152a0000)

Polling page: 0x0000000000b60000

CodeCache: size=245760Kb used=14172Kb max_used=14172Kb free=231587Kb
 bounds [0x00000000026c0000, 0x00000000034b0000, 0x00000000116c0000]
 total_blobs=3334 nmethods=3062 adapters=184
 compilation: enabled

Compilation events (10 events):
Event: 20.580 Thread 0x0000000015f4a800 3241       1       com.android.dx.rop.cst.CstString::getBytes (5 bytes)
Event: 20.580 Thread 0x0000000015f4a800 nmethod 3241 0x0000000002862550 code [0x00000000028626a0, 0x00000000028627b0]
Event: 20.583 Thread 0x0000000015f4a800 3242       2       com.android.dx.dex.file.StringDataItem::writeTo0 (103 bytes)
Event: 20.584 Thread 0x0000000015f4a800 nmethod 3242 0x00000000034a4650 code [0x00000000034a48a0, 0x00000000034a5188]
Event: 20.584 Thread 0x0000000015f4a800 3243       2       com.android.dx.util.ByteArray::getBytes (39 bytes)
Event: 20.585 Thread 0x0000000015f4a800 nmethod 3243 0x0000000002872c10 code [0x0000000002872d80, 0x0000000002873058]
Event: 20.585 Thread 0x0000000015f4a800 3244       2       com.android.dx.util.ByteArrayAnnotatedOutput::write (61 bytes)
Event: 20.585 Thread 0x0000000015f4a800 nmethod 3244 0x00000000028a1310 code [0x00000000028a14a0, 0x00000000028a1728]
Event: 20.605 Thread 0x0000000015f4a800 3245       2       com.android.dx.dex.file.DebugInfoItem::writeTo0 (58 bytes)
Event: 20.607 Thread 0x0000000015f4a800 nmethod 3245 0x00000000034a5a10 code [0x00000000034a5c80, 0x00000000034a6608]

GC Heap History (10 events):
Event: 7.344 GC heap before
{Heap before GC invocations=10 (full 1):
 PSYoungGen      total 215040K, used 27636K [0x00000000e0980000, 0x00000000f7d80000, 0x0000000100000000)
  eden space 187392K, 0% used [0x00000000e0980000,0x00000000e0980000,0x00000000ec080000)
  from space 27648K, 99% used [0x00000000ec080000,0x00000000edb7d268,0x00000000edb80000)
  to   space 40448K, 0% used [0x00000000f5600000,0x00000000f5600000,0x00000000f7d80000)
 ParOldGen       total 65536K, used 58874K [0x00000000a1c00000, 0x00000000a5c00000, 0x00000000e0980000)
  object space 65536K, 89% used [0x00000000a1c00000,0x00000000a557eaf0,0x00000000a5c00000)
 Metaspace       used 6694K, capacity 7256K, committed 7424K, reserved 1056768K
  class space    used 643K, capacity 656K, committed 768K, reserved 1048576K
Event: 8.776 GC heap after
Heap after GC invocations=10 (full 1):
 PSYoungGen      total 215040K, used 16775K [0x00000000e0980000, 0x00000000f7d80000, 0x0000000100000000)
  eden space 187392K, 0% used [0x00000000e0980000,0x00000000e0980000,0x00000000ec080000)
  from space 27648K, 60% used [0x00000000ec080000,0x00000000ed0e1cc8,0x00000000edb80000)
  to   space 40448K, 0% used [0x00000000f5600000,0x00000000f5600000,0x00000000f7d80000)
 ParOldGen       total 125440K, used 65280K [0x00000000a1c00000, 0x00000000a9680000, 0x00000000e0980000)
  object space 125440K, 52% used [0x00000000a1c00000,0x00000000a5bc0050,0x00000000a9680000)
 Metaspace       used 6694K, capacity 7256K, committed 7424K, reserved 1056768K
  class space    used 643K, capacity 656K, committed 768K, reserved 1048576K
}
Event: 10.888 GC heap before
{Heap before GC invocations=11 (full 1):
 PSYoungGen      total 215040K, used 204167K [0x00000000e0980000, 0x00000000f7d80000, 0x0000000100000000)
  eden space 187392K, 100% used [0x00000000e0980000,0x00000000ec080000,0x00000000ec080000)
  from space 27648K, 60% used [0x00000000ec080000,0x00000000ed0e1cc8,0x00000000edb80000)
  to   space 40448K, 0% used [0x00000000f5600000,0x00000000f5600000,0x00000000f7d80000)
 ParOldGen       total 125440K, used 65280K [0x00000000a1c00000, 0x00000000a9680000, 0x00000000e0980000)
  object space 125440K, 52% used [0x00000000a1c00000,0x00000000a5bc0050,0x00000000a9680000)
 Metaspace       used 6703K, capacity 7256K, committed 7424K, reserved 1056768K
  class space    used 643K, capacity 656K, committed 768K, reserved 1048576K
Event: 11.133 GC heap after
Heap after GC invocations=11 (full 1):
 PSYoungGen      total 256512K, used 38132K [0x00000000e0980000, 0x00000000f7b80000, 0x0000000100000000)
  eden space 218112K, 0% used [0x00000000e0980000,0x00000000e0980000,0x00000000ede80000)
  from space 38400K, 99% used [0x00000000f5600000,0x00000000f7b3d240,0x00000000f7b80000)
  to   space 46080K, 0% used [0x00000000f2180000,0x00000000f2180000,0x00000000f4e80000)
 ParOldGen       total 125440K, used 72934K [0x00000000a1c00000, 0x00000000a9680000, 0x00000000e0980000)
  object space 125440K, 58% used [0x00000000a1c00000,0x00000000a63399a8,0x00000000a9680000)
 Metaspace       used 6703K, capacity 7256K, committed 7424K, reserved 1056768K
  class space    used 643K, capacity 656K, committed 768K, reserved 1048576K
}
Event: 13.056 GC heap before
{Heap before GC invocations=12 (full 1):
 PSYoungGen      total 256512K, used 256244K [0x00000000e0980000, 0x00000000f7b80000, 0x0000000100000000)
  eden space 218112K, 100% used [0x00000000e0980000,0x00000000ede80000,0x00000000ede80000)
  from space 38400K, 99% used [0x00000000f5600000,0x00000000f7b3d240,0x00000000f7b80000)
  to   space 46080K, 0% used [0x00000000f2180000,0x00000000f2180000,0x00000000f4e80000)
 ParOldGen       total 125440K, used 72934K [0x00000000a1c00000, 0x00000000a9680000, 0x00000000e0980000)
  object space 125440K, 58% used [0x00000000a1c00000,0x00000000a63399a8,0x00000000a9680000)
 Metaspace       used 6707K, capacity 7256K, committed 7424K, reserved 1056768K
  class space    used 643K, capacity 656K, committed 768K, reserved 1048576K
Event: 13.247 GC heap after
Heap after GC invocations=12 (full 1):
 PSYoungGen      total 302592K, used 46054K [0x00000000e0980000, 0x00000000f7d00000, 0x0000000100000000)
  eden space 256512K, 0% used [0x00000000e0980000,0x00000000e0980000,0x00000000f0400000)
  from space 46080K, 99% used [0x00000000f2180000,0x00000000f4e79ac8,0x00000000f4e80000)
  to   space 47616K, 0% used [0x00000000f4e80000,0x00000000f4e80000,0x00000000f7d00000)
 ParOldGen       total 125440K, used 96021K [0x00000000a1c00000, 0x00000000a9680000, 0x00000000e0980000)
  object space 125440K, 76% used [0x00000000a1c00000,0x00000000a79c5770,0x00000000a9680000)
 Metaspace       used 6707K, capacity 7256K, committed 7424K, reserved 1056768K
  class space    used 643K, capacity 656K, committed 768K, reserved 1048576K
}
Event: 18.208 GC heap before
{Heap before GC invocations=13 (full 1):
 PSYoungGen      total 302592K, used 301076K [0x00000000e0980000, 0x00000000f7d00000, 0x0000000100000000)
  eden space 256512K, 99% used [0x00000000e0980000,0x00000000f028b5e0,0x00000000f0400000)
  from space 46080K, 99% used [0x00000000f2180000,0x00000000f4e79ac8,0x00000000f4e80000)
  to   space 47616K, 0% used [0x00000000f4e80000,0x00000000f4e80000,0x00000000f7d00000)
 ParOldGen       total 125440K, used 96021K [0x00000000a1c00000, 0x00000000a9680000, 0x00000000e0980000)
  object space 125440K, 76% used [0x00000000a1c00000,0x00000000a79c5770,0x00000000a9680000)
 Metaspace       used 7184K, capacity 7704K, committed 7936K, reserved 1056768K
  class space    used 666K, capacity 720K, committed 768K, reserved 1048576K
Event: 18.476 GC heap after
Heap after GC invocations=13 (full 1):
 PSYoungGen      total 304128K, used 46864K [0x00000000e0980000, 0x00000000f7d00000, 0x0000000100000000)
  eden space 256512K, 0% used [0x00000000e0980000,0x00000000e0980000,0x00000000f0400000)
  from space 47616K, 98% used [0x00000000f4e80000,0x00000000f7c44140,0x00000000f7d00000)
  to   space 46080K, 0% used [0x00000000f2180000,0x00000000f2180000,0x00000000f4e80000)
 ParOldGen       total 125440K, used 106727K [0x00000000a1c00000, 0x00000000a9680000, 0x00000000e0980000)
  object space 125440K, 85% used [0x00000000a1c00000,0x00000000a8439dd8,0x00000000a9680000)
 Metaspace       used 7184K, capacity 7704K, committed 7936K, reserved 1056768K
  class space    used 666K, capacity 720K, committed 768K, reserved 1048576K
}
Event: 18.476 GC heap before
{Heap before GC invocations=14 (full 2):
 PSYoungGen      total 304128K, used 46864K [0x00000000e0980000, 0x00000000f7d00000, 0x0000000100000000)
  eden space 256512K, 0% used [0x00000000e0980000,0x00000000e0980000,0x00000000f0400000)
  from space 47616K, 98% used [0x00000000f4e80000,0x00000000f7c44140,0x00000000f7d00000)
  to   space 46080K, 0% used [0x00000000f2180000,0x00000000f2180000,0x00000000f4e80000)
 ParOldGen       total 125440K, used 106727K [0x00000000a1c00000, 0x00000000a9680000, 0x00000000e0980000)
  object space 125440K, 85% used [0x00000000a1c00000,0x00000000a8439dd8,0x00000000a9680000)
 Metaspace       used 7184K, capacity 7704K, committed 7936K, reserved 1056768K
  class space    used 666K, capacity 720K, committed 768K, reserved 1048576K
Event: 20.117 GC heap after
Heap after GC invocations=14 (full 2):
 PSYoungGen      total 304128K, used 0K [0x00000000e0980000, 0x00000000f7d00000, 0x0000000100000000)
  eden space 256512K, 0% used [0x00000000e0980000,0x00000000e0980000,0x00000000f0400000)
  from space 47616K, 0% used [0x00000000f4e80000,0x00000000f4e80000,0x00000000f7d00000)
  to   space 46080K, 0% used [0x00000000f2180000,0x00000000f2180000,0x00000000f4e80000)
 ParOldGen       total 125440K, used 102227K [0x00000000a1c00000, 0x00000000a9680000, 0x00000000e0980000)
  object space 125440K, 81% used [0x00000000a1c00000,0x00000000a7fd4dd8,0x00000000a9680000)
 Metaspace       used 7184K, capacity 7704K, committed 7936K, reserved 1056768K
  class space    used 666K, capacity 720K, committed 768K, reserved 1048576K
}

Deoptimization events (10 events):
Event: 16.052 Thread 0x00000000026be800 Uncommon trap: reason=speculate_class_check action=maybe_recompile pc=0x00000000029e52f4 method=com.android.dx.util.FixedSizeList.equals(Ljava/lang/Object;)Z @ 25
Event: 16.052 Thread 0x00000000026be800 Uncommon trap: reason=class_check action=maybe_recompile pc=0x00000000029d84a0 method=java.util.Arrays.equals([Ljava/lang/Object;[Ljava/lang/Object;)Z @ 62
Event: 16.053 Thread 0x00000000026be800 Uncommon trap: reason=unstable_if action=reinterpret pc=0x0000000002ee12ac method=java.util.TreeMap.put(Ljava/lang/Object;Ljava/lang/Object;)Ljava/lang/Object; @ 163
Event: 16.335 Thread 0x00000000026be800 Uncommon trap: reason=unstable_if action=reinterpret pc=0x00000000033572f0 method=com.android.dx.dex.code.LocalList$MakeState.filterSpec(Lcom/android/dx/rop/code/RegisterSpec;)Lcom/android/dx/rop/code/RegisterSpec; @ 11
Event: 16.337 Thread 0x00000000026be800 Uncommon trap: reason=unstable_if action=reinterpret pc=0x0000000003340128 method=com.android.dx.rop.code.RegisterSpec.matchesVariable(Lcom/android/dx/rop/code/RegisterSpec;)Z @ 59
Event: 16.410 Thread 0x00000000026be800 Uncommon trap: reason=unstable_if action=reinterpret pc=0x000000000338aa98 method=com.android.dx.dex.code.OutputFinisher.align64bits([Lcom/android/dx/dex/code/Dop;)V @ 205
Event: 16.415 Thread 0x00000000026be800 Uncommon trap: reason=unstable_if action=reinterpret pc=0x000000000337eb78 method=com.android.dx.dex.code.OutputFinisher.align64bits([Lcom/android/dx/dex/code/Dop;)V @ 205
Event: 16.693 Thread 0x00000000026be800 Uncommon trap: reason=unstable_if action=reinterpret pc=0x0000000003378704 method=com.android.dx.dex.code.LocalList$MakeState.aboutToProcess(II)V @ 54
Event: 17.490 Thread 0x00000000026be800 Uncommon trap: reason=null_check action=make_not_entrant pc=0x00000000033e63ec method=com.android.dx.dex.code.LocalList$MakeState.checkForEmptyRange(ILcom/android/dx/rop/code/RegisterSpec;)Z @ 119
Event: 18.041 Thread 0x00000000026be800 Uncommon trap: reason=unstable_if action=reinterpret pc=0x0000000002cd3a7c method=java.lang.Long.numberOfTrailingZeros(J)I @ 3

Internal exceptions (10 events):
Event: 0.032 Thread 0x00000000026be800 Exception <a 'java/lang/NoSuchMethodError': Method sun.misc.Unsafe.defineClass(Ljava/lang/String;[BII)Ljava/lang/Class; name or signature does not match> (0x00000000e0987ca8) thrown at [C:\re\workspace\8-2-build-windows-amd64-cygwin\jdk8u131\8869\hotspot\
Event: 0.032 Thread 0x00000000026be800 Exception <a 'java/lang/NoSuchMethodError': Method sun.misc.Unsafe.prefetchRead(Ljava/lang/Object;J)V name or signature does not match> (0x00000000e0987f90) thrown at [C:\re\workspace\8-2-build-windows-amd64-cygwin\jdk8u131\8869\hotspot\src\share\vm\prims
Event: 1.953 Thread 0x0000000017af9000 Implicit null exception at 0x0000000002dafc7a to 0x0000000002db0019
Event: 2.118 Thread 0x0000000017af9000 Implicit null exception at 0x0000000002df6091 to 0x0000000002df79a5
Event: 2.418 Thread 0x0000000017af9000 Implicit null exception at 0x0000000002e3f531 to 0x0000000002e42595
Event: 2.780 Thread 0x00000000026be800 Implicit null exception at 0x00000000029744a2 to 0x0000000002974592
Event: 5.113 Thread 0x00000000026be800 Exception <a 'java/lang/ArrayIndexOutOfBoundsException': 18> (0x00000000e65ac5d8) thrown at [C:\re\workspace\8-2-build-windows-amd64-cygwin\jdk8u131\8869\hotspot\src\share\vm\interpreter\interpreterRuntime.cpp, line 366]
Event: 5.115 Thread 0x00000000026be800 Exception <a 'java/lang/ArrayIndexOutOfBoundsException'> (0x00000000e65ae158) thrown at [C:\re\workspace\8-2-build-windows-amd64-cygwin\jdk8u131\8869\hotspot\src\share\vm\runtime\sharedRuntime.cpp, line 605]
Event: 5.116 Thread 0x00000000026be800 Exception <a 'java/lang/ArrayIndexOutOfBoundsException'> (0x00000000e65af440) thrown at [C:\re\workspace\8-2-build-windows-amd64-cygwin\jdk8u131\8869\hotspot\src\share\vm\runtime\sharedRuntime.cpp, line 605]
Event: 17.490 Thread 0x00000000026be800 Implicit null exception at 0x00000000033e0daa to 0x00000000033e63cb

Events (10 events):
Event: 20.122 Thread 0x0000000015f4a800 flushing nmethod 0x00000000028b6c90
Event: 20.122 Thread 0x0000000015f4a800 flushing nmethod 0x00000000028b9350
Event: 20.122 Thread 0x0000000015f4a800 flushing nmethod 0x00000000028bf1d0
Event: 20.122 Thread 0x0000000015f4a800 flushing nmethod 0x00000000028c1ed0
Event: 20.122 Thread 0x0000000015f4a800 flushing nmethod 0x00000000028c6350
Event: 20.123 Thread 0x0000000015f4a800 flushing nmethod 0x00000000028f3350
Event: 20.361 Thread 0x00000000026be800 DEOPT PACKING pc=0x00000000028c67ae sp=0x000000000243eee0
Event: 20.361 Thread 0x00000000026be800 DEOPT UNPACKING pc=0x000000000270787f sp=0x000000000243ec00 mode 0
Event: 20.361 Thread 0x00000000026be800 DEOPT PACKING pc=0x0000000003486040 sp=0x000000000243ed80
Event: 20.361 Thread 0x00000000026be800 DEOPT UNPACKING pc=0x000000000270787f sp=0x000000000243eb58 mode 0


Dynamic libraries:
0x00007ff602400000 - 0x00007ff602437000 	C:\Program Files\Java\jdk1.8.0_131\bin\java.exe
0x00007ff9c5e60000 - 0x00007ff9c603b000 	C:\WINDOWS\SYSTEM32\ntdll.dll
0x00007ff9c5c30000 - 0x00007ff9c5cde000 	C:\WINDOWS\System32\KERNEL32.DLL
0x00007ff9c2740000 - 0x00007ff9c2989000 	C:\WINDOWS\System32\KERNELBASE.dll
0x00007ff9c3690000 - 0x00007ff9c3731000 	C:\WINDOWS\System32\ADVAPI32.dll
0x00007ff9c3740000 - 0x00007ff9c37dd000 	C:\WINDOWS\System32\msvcrt.dll
0x00007ff9c5ce0000 - 0x00007ff9c5d39000 	C:\WINDOWS\System32\sechost.dll
0x00007ff9c37e0000 - 0x00007ff9c3905000 	C:\WINDOWS\System32\RPCRT4.dll
0x00007ff9c3470000 - 0x00007ff9c35ba000 	C:\WINDOWS\System32\USER32.dll
0x00007ff9c2610000 - 0x00007ff9c262e000 	C:\WINDOWS\System32\win32u.dll
0x00007ff9c3910000 - 0x00007ff9c3937000 	C:\WINDOWS\System32\GDI32.dll
0x00007ff9c2380000 - 0x00007ff9c2507000 	C:\WINDOWS\System32\gdi32full.dll
0x00007ff9c2b60000 - 0x00007ff9c2bfa000 	C:\WINDOWS\System32\msvcp_win.dll
0x00007ff9c2510000 - 0x00007ff9c2606000 	C:\WINDOWS\System32\ucrtbase.dll
0x00007ff9b81b0000 - 0x00007ff9b8417000 	C:\WINDOWS\WinSxS\amd64_microsoft.windows.common-controls_6595b64144ccf1df_6.0.15063.483_none_26002d27e7c744a2\COMCTL32.dll
0x00007ff9c56f0000 - 0x00007ff9c59e9000 	C:\WINDOWS\System32\combase.dll
0x00007ff9c3350000 - 0x00007ff9c33ba000 	C:\WINDOWS\System32\bcryptPrimitives.dll
0x00007ff9c3940000 - 0x00007ff9c396d000 	C:\WINDOWS\System32\IMM32.DLL
0x0000000056430000 - 0x0000000056502000 	C:\Program Files\Java\jdk1.8.0_131\jre\bin\msvcr100.dll
0x0000000055b30000 - 0x00000000563cc000 	C:\Program Files\Java\jdk1.8.0_131\jre\bin\server\jvm.dll
0x00007ff9c3a90000 - 0x00007ff9c3a98000 	C:\WINDOWS\System32\PSAPI.DLL
0x00007ff9be430000 - 0x00007ff9be43a000 	C:\WINDOWS\SYSTEM32\VERSION.dll
0x00007ff9be140000 - 0x00007ff9be149000 	C:\WINDOWS\SYSTEM32\WSOCK32.dll
0x00007ff9c0760000 - 0x00007ff9c0783000 	C:\WINDOWS\SYSTEM32\WINMM.dll
0x00007ff9c35c0000 - 0x00007ff9c362c000 	C:\WINDOWS\System32\WS2_32.dll
0x00007ff9c0730000 - 0x00007ff9c075b000 	C:\WINDOWS\SYSTEM32\WINMMBASE.dll
0x00007ff9c2c00000 - 0x00007ff9c2c49000 	C:\WINDOWS\System32\cfgmgr32.dll
0x0000000055b20000 - 0x0000000055b2f000 	C:\Program Files\Java\jdk1.8.0_131\jre\bin\verify.dll
0x0000000055af0000 - 0x0000000055b19000 	C:\Program Files\Java\jdk1.8.0_131\jre\bin\java.dll
0x0000000055ad0000 - 0x0000000055ae6000 	C:\Program Files\Java\jdk1.8.0_131\jre\bin\zip.dll
0x00007ff9c4160000 - 0x00007ff9c5597000 	C:\WINDOWS\System32\SHELL32.dll
0x00007ff9c33c0000 - 0x00007ff9c346a000 	C:\WINDOWS\System32\shcore.dll
0x00007ff9c2c50000 - 0x00007ff9c3341000 	C:\WINDOWS\System32\windows.storage.dll
0x00007ff9c3a30000 - 0x00007ff9c3a81000 	C:\WINDOWS\System32\shlwapi.dll
0x00007ff9c2360000 - 0x00007ff9c2371000 	C:\WINDOWS\System32\kernel.appcore.dll
0x00007ff9c2310000 - 0x00007ff9c235c000 	C:\WINDOWS\System32\powrprof.dll
0x00007ff9c22f0000 - 0x00007ff9c2305000 	C:\WINDOWS\System32\profapi.dll

VM Arguments:
java_command: C:\Program Files (x86)\Android\android-sdk\build-tools\25.0.3\\lib\dx.jar --no-strict --dex --output=obj\Debug\android\bin obj\Debug\android\bin\classes C:\Program Files (x86)\Microsoft Visual Studio\2017\Community\Common7\IDE\ReferenceAssemblies\Microsoft\Framework\MonoAndroid\v8.0\mono.android.jar obj\Debug\__library_projects__\NotificationBadge\library_project_imports\bin\classes.jar obj\Debug\__library_projects__\Xamarin.Android.Support.Animated.Vector.Drawable\library_project_imports\classes.jar obj\Debug\__library_projects__\Xamarin.Android.Support.Compat\library_project_imports\classes.jar obj\Debug\__library_projects__\Xamarin.Android.Support.Core.UI\library_project_imports\classes.jar obj\Debug\__library_projects__\Xamarin.Android.Support.Core.Utils\library_project_imports\classes.jar obj\Debug\__library_projects__\Xamarin.Android.Support.Fragment\library_project_imports\classes.jar obj\Debug\__library_projects__\Xamarin.Android.Support.Media.Compat\library_project_imports\classes.jar obj\Debug\__library_projects__\Xamarin.Android.Support.v7.AppCompat\library_project_imports\classes.jar obj\Debug\__library_projects__\Xamarin.Android.Support.Vector.Drawable\library_project_imports\classes.jar
java_class_path (initial): C:\Program Files (x86)\Android\android-sdk\build-tools\25.0.3\\lib\dx.jar
Launcher Type: SUN_STANDARD

Environment Variables:
JAVA_HOME=C:\Program Files (x86)\Java\jdk1.8.0_121
PATH=C:\ProgramData\Oracle\Java\javapath;C:\WINDOWS\system32;C:\WINDOWS;C:\WINDOWS\System32\Wbem;C:\WINDOWS\System32\WindowsPowerShell\v1.0\;C:\Program Files\Microsoft SQL Server\120\Tools\Binn\;C:\Program Files\Microsoft SQL Server\130\Tools\Binn\;C:\Program Files (x86)\Microsoft SQL Server\110\Tools\Binn\;C:\Program Files\Microsoft SQL Server\110\Tools\Binn\;C:\Program Files\Microsoft SQL Server\110\DTS\Binn\;C:\Program Files (x86)\Microsoft SQL Server\110\Tools\Binn\ManagementStudio\;C:\Program Files (x86)\Microsoft SQL Server\110\DTS\Binn\;C:\jPackages\maven\apache-maven-3.5.0\bin;C:\Program Files (x86)\Java\jdk1.8.0_121\bin;C:\jPackages\tomcat\bin;C:\Program Files (x86)\Git\cmd;C:\Users\San\Documents\opencv\build\x64\vc14\bin;C:\Windows\System32;C:\Program Files\dotnet\;C:\Users\San\AppData\Local\Microsoft\WindowsApps;C:\Windows\System32;
USERNAME=San
OS=Windows_NT
PROCESSOR_IDENTIFIER=Intel64 Family 6 Model 58 Stepping 9, GenuineIntel



---------------  S Y S T E M  ---------------

OS: Windows 10.0 , 64 bit Build 15063 (10.0.15063.296)

CPU:total 4 (initial active 4) (2 cores per cpu, 2 threads per core) family 6 model 58 stepping 9, cmov, cx8, fxsr, mmx, sse, sse2, sse3, ssse3, sse4.1, sse4.2, popcnt, avx, aes, clmul, erms, ht, tsc, tscinvbit, tscinv

Memory: 4k page, physical 6174520k(554084k free), swap 7344876k(5724k free)

vm_info: Java HotSpot(TM) 64-Bit Server VM (25.131-b11) for windows-amd64 JRE (1.8.0_131-b11), built on Mar 15 2017 01:23:53 by "java_re" with MS VC++ 10.0 (VS2010)

time: Thu Nov 30 14:54:14 2017
elapsed time: 20 seconds (0d 0h 0m 20s)

